\BOOKMARK [0][-]{unswcover.0}{\376\377\000U\000N\000S\000W\000\040\000C\000o\000v\000e\000r\000\040\000P\000a\000g\000e}{}% 1
\BOOKMARK [0][-]{pdfmark:abs.0}{\376\377\000A\000b\000s\000t\000r\000a\000c\000t}{}% 2
\BOOKMARK [0][-]{section*.2}{\376\377\000C\000o\000n\000t\000e\000n\000t\000s}{}% 3
\BOOKMARK [0][-]{chapter.1}{\376\377\000I\000n\000t\000r\000o\000d\000u\000c\000t\000i\000o\000n}{}% 4
\BOOKMARK [0][-]{pdfmark:introd.0}{\376\377\000I\000n\000t\000r\000o\000d\000u\000c\000t\000i\000o\000n}{}% 5
\BOOKMARK [0][-]{chapter.2}{\376\377\000I\000n\000f\000o\000r\000m\000a\000t\000i\000o\000n\000\040\000E\000x\000t\000r\000a\000c\000t\000i\000o\000n}{}% 6
\BOOKMARK [0][-]{pdfmark:infor.0}{\376\377\000I\000n\000f\000o\000r\000m\000a\000t\000i\000o\000n\000\040\000E\000x\000t\000r\000a\000c\000t\000i\000o\000n}{}% 7
\BOOKMARK [1][-]{section.2.1}{\376\377\000N\000a\000t\000u\000r\000a\000l\000\040\000L\000a\000n\000g\000u\000a\000g\000e\000\040\000P\000r\000o\000c\000e\000s\000s\000i\000n\000g}{pdfmark:infor.0}% 8
\BOOKMARK [0][-]{pdfmark:nlp.0}{\376\377\000N\000a\000t\000u\000r\000a\000l\000\040\000L\000a\000n\000g\000u\000a\000g\000e\000\040\000P\000r\000o\000c\000e\000s\000s\000i\000n\000g}{}% 9
\BOOKMARK [1][-]{section.2.2}{\376\377\000I\000n\000f\000o\000r\000m\000a\000t\000i\000o\000n\000\040\000E\000x\000t\000r\000a\000c\000t\000i\000o\000n}{pdfmark:nlp.0}% 10
\BOOKMARK [0][-]{pdfmark:ie.0}{\376\377\000I\000n\000f\000o\000r\000m\000a\000t\000i\000o\000n\000\040\000E\000x\000t\000r\000a\000c\000t\000i\000o\000n}{}% 11
\BOOKMARK [1][-]{section.2.3}{\376\377\000K\000n\000o\000w\000l\000e\000d\000g\000e\000\040\000G\000r\000a\000p\000h\000s}{pdfmark:ie.0}% 12
\BOOKMARK [0][-]{pdfmark:kg.0}{\376\377\000K\000n\000o\000w\000l\000e\000d\000g\000e\000\040\000G\000r\000a\000p\000h\000s}{}% 13
\BOOKMARK [0][-]{chapter.3}{\376\377\000A\000n\000a\000l\000y\000s\000i\000s\000\040\000a\000n\000d\000\040\000R\000e\000l\000a\000t\000e\000d\000\040\000W\000o\000r\000k}{}% 14
\BOOKMARK [0][-]{pdfmark:related.0}{\376\377\000A\000n\000a\000l\000y\000s\000i\000s\000\040\000a\000n\000d\000\040\000R\000e\000l\000a\000t\000e\000d\000\040\000W\000o\000r\000k}{}% 15
\BOOKMARK [1][-]{section.3.1}{\376\377\000A\000n\000a\000l\000y\000s\000i\000s\000\040\000o\000f\000\040\000A\000c\000a\000d\000e\000m\000i\000c\000\040\000T\000e\000x\000t}{pdfmark:related.0}% 16
\BOOKMARK [0][-]{pdfmark:academic.0}{\376\377\000A\000n\000a\000l\000y\000s\000i\000s\000\040\000o\000f\000\040\000A\000c\000a\000d\000e\000m\000i\000c\000\040\000T\000e\000x\000t}{}% 17
\BOOKMARK [1][-]{section.3.2}{\376\377\000O\000p\000e\000n\000\040\000I\000n\000f\000o\000r\000m\000a\000t\000i\000o\000n\000\040\000E\000x\000t\000r\000a\000c\000t\000i\000o\000n}{pdfmark:academic.0}% 18
\BOOKMARK [0][-]{pdfmark:openie.0}{\376\377\000O\000p\000e\000n\000\040\000I\000n\000f\000o\000r\000m\000a\000t\000i\000o\000n\000\040\000E\000x\000t\000r\000a\000c\000t\000i\000o\000n}{}% 19
\BOOKMARK [1][-]{section.3.3}{\376\377\000P\000e\000c\000u\000l\000i\000a\000r\000i\000t\000i\000e\000s\000\040\000o\000f\000\040\000A\000c\000a\000d\000e\000m\000i\000c\000\040\000T\000e\000x\000t}{pdfmark:openie.0}% 20
\BOOKMARK [0][-]{pdfmark:peculiarities.0}{\376\377\000P\000e\000c\000u\000l\000i\000a\000r\000i\000t\000i\000e\000s\000\040\000o\000f\000\040\000A\000c\000a\000d\000e\000m\000i\000c\000\040\000T\000e\000x\000t}{}% 21
\BOOKMARK [0][-]{chapter.4}{\376\377\000D\000e\000v\000e\000l\000o\000p\000e\000d\000\040\000W\000o\000r\000k\000f\000l\000o\000w}{}% 22
\BOOKMARK [0][-]{pdfmark:developedwork.0}{\376\377\000D\000e\000v\000e\000l\000o\000p\000e\000d\000\040\000W\000o\000r\000k\000f\000l\000o\000w}{}% 23
\BOOKMARK [1][-]{section.4.1}{\376\377\000T\000o\000o\000l\000s}{pdfmark:developedwork.0}% 24
\BOOKMARK [0][-]{pdfmark:tools.0}{\376\377\000T\000o\000o\000l\000s}{}% 25
\BOOKMARK [1][-]{subsection.4.1.1}{\376\377\000P\000r\000o\000g\000r\000a\000m\000m\000i\000n\000g\000\040\000L\000a\000n\000g\000u\000a\000g\000e\000s\000\040\000a\000n\000d\000\040\000L\000i\000b\000r\000a\000r\000i\000e\000s}{pdfmark:tools.0}% 26
\BOOKMARK [0][-]{pdfmark:programming.0}{\376\377\000P\000r\000o\000g\000r\000a\000m\000m\000i\000n\000g\000\040\000L\000a\000n\000g\000u\000a\000g\000e\000s\000\040\000a\000n\000d\000\040\000L\000i\000b\000r\000a\000r\000i\000e\000s}{}% 27
\BOOKMARK [1][-]{subsection.4.1.2}{\376\377\000S\000t\000a\000n\000f\000o\000r\000d\000\040\000C\000o\000r\000e\000N\000L\000P}{pdfmark:programming.0}% 28
\BOOKMARK [0][-]{pdfmark:stanford.0}{\376\377\000S\000t\000a\000n\000f\000o\000r\000d\000\040\000C\000o\000r\000e\000N\000L\000P}{}% 29
\BOOKMARK [1][-]{subsection.4.1.3}{\376\377\000N\000L\000T\000K}{pdfmark:stanford.0}% 30
\BOOKMARK [0][-]{pdfmark:nltk.0}{\376\377\000N\000L\000T\000K}{}% 31
\BOOKMARK [1][-]{subsection.4.1.4}{\376\377\000S\000y\000n\000t\000a\000x\000n\000e\000t}{pdfmark:nltk.0}% 32
\BOOKMARK [0][-]{pdfmark:syntaxnet.0}{\376\377\000S\000y\000n\000t\000a\000x\000n\000e\000t}{}% 33
\BOOKMARK [1][-]{subsection.4.1.5}{\376\377\000S\000p\000a\000C\000y}{pdfmark:syntaxnet.0}% 34
\BOOKMARK [0][-]{pdfmark:spacy.0}{\376\377\000S\000p\000a\000C\000y}{}% 35
\BOOKMARK [1][-]{subsection.4.1.6}{\376\377\000B\000r\000a\000t}{pdfmark:spacy.0}% 36
\BOOKMARK [0][-]{pdfmark:brat.0}{\376\377\000B\000r\000a\000t}{}% 37
\BOOKMARK [1][-]{subsection.4.1.7}{\376\377\000G\000r\000a\000p\000h\000v\000i\000z}{pdfmark:brat.0}% 38
\BOOKMARK [0][-]{pdfmark:graphviz.0}{\376\377\000G\000r\000a\000p\000h\000v\000i\000z}{}% 39
\BOOKMARK [1][-]{section.4.2}{\376\377\000D\000e\000v\000e\000l\000o\000p\000e\000d\000\040\000P\000r\000o\000g\000r\000a\000m}{pdfmark:graphviz.0}% 40
\BOOKMARK [0][-]{pdfmark:devprogram.0}{\376\377\000D\000e\000v\000e\000l\000o\000p\000e\000d\000\040\000P\000r\000o\000g\000r\000a\000m}{}% 41
\BOOKMARK [1][-]{section.4.3}{\376\377\000G\000r\000o\000u\000p\000i\000n\000g\000\040\000S\000e\000n\000t\000e\000n\000c\000e\000\040\000T\000y\000p\000e\000s}{pdfmark:devprogram.0}% 42
\BOOKMARK [0][-]{pdfmark:grouping.0}{\376\377\000G\000r\000o\000u\000p\000i\000n\000g\000\040\000S\000e\000n\000t\000e\000n\000c\000e\000\040\000T\000y\000p\000e\000s}{}% 43
\BOOKMARK [1][-]{section.4.4}{\376\377\000D\000e\000p\000e\000n\000d\000e\000n\000c\000y\000\040\000T\000r\000e\000e\000\040\000M\000a\000n\000i\000p\000u\000l\000a\000t\000i\000o\000n\000\040\000R\000u\000l\000e\000s}{pdfmark:grouping.0}% 44
\BOOKMARK [0][-]{pdfmark:dependencyrules.0}{\376\377\000D\000e\000p\000e\000n\000d\000e\000n\000c\000y\000\040\000T\000r\000e\000e\000\040\000M\000a\000n\000i\000p\000u\000l\000a\000t\000i\000o\000n\000\040\000R\000u\000l\000e\000s}{}% 45
\BOOKMARK [0][-]{chapter.5}{\376\377\000R\000e\000s\000u\000l\000t\000s}{}% 46
\BOOKMARK [0][-]{pdfmark:results.0}{\376\377\000R\000e\000s\000u\000l\000t\000s}{}% 47
\BOOKMARK [1][-]{section.5.1}{\376\377\000E\000x\000p\000e\000r\000i\000m\000e\000n\000t\000s}{pdfmark:results.0}% 48
\BOOKMARK [0][-]{pdfmark:experiments.0}{\376\377\000E\000x\000p\000e\000r\000i\000m\000e\000n\000t\000s}{}% 49
\BOOKMARK [1][-]{section.5.2}{\376\377\000C\000a\000s\000e\000s\000\040\000A\000n\000a\000l\000y\000s\000i\000s}{pdfmark:experiments.0}% 50
\BOOKMARK [0][-]{pdfmark:cases.0}{\376\377\000C\000a\000s\000e\000s\000\040\000A\000n\000a\000l\000y\000s\000i\000s}{}% 51
\BOOKMARK [1][-]{section.5.3}{\376\377\000O\000b\000s\000e\000r\000v\000e\000d\000\040\000L\000i\000m\000i\000t\000s}{pdfmark:cases.0}% 52
\BOOKMARK [0][-]{pdfmark:limits.0}{\376\377\000O\000b\000s\000e\000r\000v\000e\000d\000\040\000L\000i\000m\000i\000t\000s}{}% 53
\BOOKMARK [0][-]{chapter.6}{\376\377\000C\000o\000n\000c\000l\000u\000s\000i\000o\000n\000\040\000a\000n\000d\000\040\000F\000u\000t\000u\000r\000e\000\040\000W\000o\000r\000k}{}% 54
\BOOKMARK [0][-]{pdfmark:conclusion.0}{\376\377\000C\000o\000n\000c\000l\000u\000s\000i\000o\000n\000\040\000a\000n\000d\000\040\000F\000u\000t\000u\000r\000e\000\040\000W\000o\000r\000k}{}% 55
\BOOKMARK [0][-]{section*.4}{\376\377\000B\000i\000b\000l\000i\000o\000g\000r\000a\000p\000h\000y}{}% 56
